\BOOKMARK [0][-]{chapter*.2}{\376\377\000I\000n\000t\000r\000o\000d\000u\000c\000t\000i\000o\000n}{}% 1
\BOOKMARK [0][-]{chapter.1}{\376\377\000T\000h\000e\000o\000r\000y}{}% 2
\BOOKMARK [1][-]{section.1.1}{\376\377\000L\000i\000n\000g\000u\000i\000s\000t\000i\000c\000s\000\040\000a\000n\000d\000\040\000n\000l\000p}{chapter.1}% 3
\BOOKMARK [2][-]{subsection.1.1.1}{\376\377\000M\000o\000r\000p\000h\000o\000l\000o\000g\000y}{section.1.1}% 4
\BOOKMARK [2][-]{subsection.1.1.2}{\376\377\000S\000e\000m\000a\000n\000t\000i\000c\000s}{section.1.1}% 5
\BOOKMARK [2][-]{subsection.1.1.3}{\376\377\000L\000a\000n\000g\000u\000a\000g\000e\000\040\000d\000a\000t\000a}{section.1.1}% 6
\BOOKMARK [2][-]{subsection.1.1.4}{\376\377\000H\000i\000s\000t\000o\000r\000i\000c\000a\000l\000\040\000D\000e\000v\000e\000l\000o\000p\000m\000e\000n\000t}{section.1.1}% 7
\BOOKMARK [1][-]{section.1.2}{\376\377\000D\000e\000e\000p\000\040\000L\000e\000a\000r\000n\000i\000n\000g}{chapter.1}% 8
\BOOKMARK [2][-]{subsection.1.2.1}{\376\377\000D\000e\000e\000p\000\040\000L\000e\000a\000r\000n\000i\000n\000g\000\040\000H\000i\000s\000t\000o\000r\000y}{section.1.2}% 9
\BOOKMARK [2][-]{subsection.1.2.2}{\376\377\000M\000a\000c\000h\000i\000n\000e\000\040\000L\000e\000a\000r\000n\000i\000n\000g\000\040\000a\000n\000d\000\040\000R\000e\000g\000u\000l\000a\000r\000i\000z\000a\000t\000i\000o\000n}{section.1.2}% 10
\BOOKMARK [2][-]{subsection.1.2.3}{\376\377\000E\000m\000b\000e\000d\000d\000i\000n\000g\000s}{section.1.2}% 11
\BOOKMARK [2][-]{subsection.1.2.4}{\376\377\000A\000t\000t\000e\000n\000t\000i\000o\000n\000\040\000m\000e\000c\000h\000a\000n\000i\000s\000m}{section.1.2}% 12
\BOOKMARK [2][-]{subsection.1.2.5}{\376\377\000R\000e\000c\000u\000r\000r\000e\000n\000t\000\040\000N\000e\000u\000r\000a\000l\000\040\000N\000e\000t\000w\000o\000r\000k\000s}{section.1.2}% 13
\BOOKMARK [2][-]{subsection.1.2.6}{\376\377\000T\000r\000a\000n\000s\000f\000o\000r\000m\000e\000r\000s}{section.1.2}% 14
\BOOKMARK [2][-]{subsection.1.2.7}{\376\377\000T\000r\000a\000n\000s\000f\000e\000r\000\040\000l\000e\000a\000r\000n\000i\000n\000g}{section.1.2}% 15
\BOOKMARK [1][-]{section.1.3}{\376\377\000B\000E\000R\000T\000\040\000e\000x\000p\000l\000a\000n\000a\000t\000i\000o\000n}{chapter.1}% 16
\BOOKMARK [2][-]{subsection.1.3.1}{\376\377\000I\000n\000p\000u\000t\000\040\000e\000m\000b\000e\000d\000d\000i\000n\000g\000s}{section.1.3}% 17
\BOOKMARK [2][-]{subsection.1.3.2}{\376\377\000P\000r\000e\000t\000r\000a\000i\000n\000i\000n\000g\000\040\000t\000a\000s\000k\000s}{section.1.3}% 18
\BOOKMARK [2][-]{subsection.1.3.3}{\376\377\000T\000r\000a\000n\000s\000f\000o\000r\000m\000e\000r\000s\000\040\000e\000n\000c\000o\000d\000e\000r\000\040\000a\000r\000c\000h\000i\000t\000e\000c\000t\000u\000r\000e}{section.1.3}% 19
\BOOKMARK [2][-]{subsection.1.3.4}{\376\377\000H\000o\000w\000\040\000t\000o\000\040\000u\000s\000e\000\040\000B\000E\000R\000T}{section.1.3}% 20
\BOOKMARK [2][-]{subsection.1.3.5}{\376\377\000W\000h\000y\000\040\000i\000s\000\040\000B\000E\000R\000T\000\040\000s\000o\000\040\000s\000p\000e\000c\000i\000a\000l\000?}{section.1.3}% 21
\BOOKMARK [0][-]{chapter.2}{\376\377\000T\000a\000s\000k\000\040\0001\000:\000\040\000L\000e\000m\000m\000a\000t\000i\000z\000a\000t\000i\000o\000n\000\040\000a\000n\000d\000\040\000p\000a\000r\000t\000-\000o\000f\000-\000s\000p\000e\000e\000c\000h\000\040\000t\000a\000g\000g\000i\000n\000g}{}% 22
\BOOKMARK [0][-]{chapter.3}{\376\377\000T\000a\000s\000k\000\040\0002\000:\000\040\000S\000e\000n\000t\000i\000m\000e\000n\000t\000\040\000A\000n\000a\000l\000y\000s\000i\000s}{}% 23
\BOOKMARK [1][-]{section.3.1}{\376\377\000T\000a\000s\000k\000\040\000d\000e\000f\000i\000n\000i\000t\000i\000o\000n}{chapter.3}% 24
\BOOKMARK [1][-]{section.3.2}{\376\377\000D\000a\000t\000a\000s\000e\000t\000s}{chapter.3}% 25
\BOOKMARK [2][-]{subsection.3.2.1}{\376\377\000F\000a\000c\000e\000b\000o\000o\000k}{section.3.2}% 26
\BOOKMARK [2][-]{subsection.3.2.2}{\376\377\000c\000s\000f\000d}{section.3.2}% 27
\BOOKMARK [2][-]{subsection.3.2.3}{\376\377\000m\000a\000l\000l\000c\000z}{section.3.2}% 28
\BOOKMARK [2][-]{subsection.3.2.4}{\376\377\000i\000m\000d\000b}{section.3.2}% 29
\BOOKMARK [2][-]{subsection.3.2.5}{\376\377\000E\000x\000p\000e\000r\000i\000m\000e\000n\000t\000s}{section.3.2}% 30
\BOOKMARK [0][-]{chapter.4}{\376\377\000T\000a\000s\000k\000\040\0003\000:\000\040\000L\000a\000n\000g\000u\000a\000g\000e\000\040\000M\000o\000d\000e\000l\000i\000n\000g}{}% 31
\BOOKMARK [0][-]{chapter.5}{\376\377\000I\000m\000p\000l\000e\000m\000e\000n\000t\000a\000t\000i\000o\000n\000\040\000a\000n\000a\000l\000y\000s\000i\000s}{}% 32
\BOOKMARK [1][-]{section.5.1}{\376\377\000P\000O\000S\000\040\000t\000a\000g\000g\000i\000n\000g\000\040\000a\000n\000d\000\040\000l\000e\000m\000m\000a\000t\000i\000z\000a\000t\000i\000o\000n\000\040\000m\000o\000d\000e\000l}{chapter.5}% 33
\BOOKMARK [2][-]{subsection.5.1.1}{\376\377\000D\000a\000t\000a\000s\000e\000t\000\040\000a\000n\000d\000\040\000p\000r\000e\000p\000r\000o\000c\000e\000s\000s\000i\000n\000g}{section.5.1}% 34
\BOOKMARK [2][-]{subsection.5.1.2}{\376\377\000N\000e\000t\000w\000o\000r\000k}{section.5.1}% 35
\BOOKMARK [2][-]{subsection.5.1.3}{\376\377\000P\000y\000t\000h\000o\000n\000\040\000i\000m\000p\000l\000e\000m\000e\000n\000t\000a\000t\000i\000o\000n}{section.5.1}% 36
\BOOKMARK [0][-]{chapter.6}{\376\377\000U\000s\000e\000r\000\040\000d\000o\000c\000u\000m\000e\000n\000t\000a\000t\000i\000o\000n}{}% 37
\BOOKMARK [0][-]{chapter.7}{\376\377\000D\000i\000s\000c\000u\000s\000s\000i\000o\000n}{}% 38
\BOOKMARK [1][-]{section.7.1}{\376\377\000E\000x\000p\000e\000r\000i\000m\000e\000n\000t\000s}{chapter.7}% 39
\BOOKMARK [0][-]{chapter*.16}{\376\377\000C\000o\000n\000c\000l\000u\000s\000i\000o\000n}{}% 40
\BOOKMARK [0][-]{chapter*.17}{\376\377\000B\000i\000b\000l\000i\000o\000g\000r\000a\000p\000h\000y}{}% 41
\BOOKMARK [0][-]{chapter*.18}{\376\377\000L\000i\000s\000t\000\040\000o\000f\000\040\000F\000i\000g\000u\000r\000e\000s}{}% 42
\BOOKMARK [0][-]{chapter*.19}{\376\377\000L\000i\000s\000t\000\040\000o\000f\000\040\000T\000a\000b\000l\000e\000s}{}% 43
\BOOKMARK [0][-]{appendix.A}{\376\377\000A\000t\000t\000a\000c\000h\000m\000e\000n\000t\000s}{}% 44
\BOOKMARK [1][-]{section.A.1}{\376\377\000F\000i\000r\000s\000t\000\040\000A\000t\000t\000a\000c\000h\000m\000e\000n\000t}{appendix.A}% 45
